<?xml version="1.0" encoding="UTF-8"?>
<!-- Generated by org.testng.reporters.JUnitXMLReporter -->
<testsuite ignored="0" hostname="LIN65001029" failures="0" tests="4" name="Command line test" time="0.053" errors="0" timestamp="2020-08-27T21:50:58 IST">
  <testcase classname="com.qa.DemoTest" name="firstTest" time="0.007"/>
  <testcase classname="com.qa.DemoTest" name="fourthTest" time="0.0"/>
  <testcase classname="com.qa.DemoTest" name="secondTest" time="0.0"/>
  <testcase classname="com.qa.DemoTest" name="thirdTest" time="0.0"/>
</testsuite> <!-- Command line test -->
