<?xml version="1.0" encoding="UTF-8"?>
<!-- Generated by org.testng.reporters.JUnitXMLReporter -->
<testsuite ignored="0" hostname="LIN65001029" failures="0" tests="4" name="Default test" time="0.104" errors="0" timestamp="2020-08-27T21:43:40 IST">
  <testcase classname="com.qa.DemoTest" name="firstTest" time="0.021"/>
  <testcase classname="com.qa.DemoTest" name="fourthTest" time="0.002"/>
  <testcase classname="com.qa.DemoTest" name="secondTest" time="0.002"/>
  <testcase classname="com.qa.DemoTest" name="thirdTest" time="0.002"/>
</testsuite> <!-- Default test -->
