<?xml version="1.0" encoding="UTF-8"?>
<testsuite xmlns:xsi="http://www.w3.org/2001/XMLSchema-instance" xsi:noNamespaceSchemaLocation="https://maven.apache.org/surefire/maven-surefire-plugin/xsd/surefire-test-report-3.0.xsd" version="3.0" name="TestSuite" time="1.127" tests="12" errors="0" skipped="0" failures="0">
  <properties>
[...]
</properties>
  <testcase name="firstTest" classname="com.qa.DemoTest" time="0.011">
    <system-out><![CDATA[from first test
]]></system-out>
  </testcase>
  <testcase name="fourthTest" classname="com.qa.DemoTest" time="0">
    <system-out><![CDATA[from fourth test
]]></system-out>
  </testcase>
  <testcase name="secondTest" classname="com.qa.DemoTest" time="0.001">
    <system-out><![CDATA[from second test
]]></system-out>
  </testcase>
  <testcase name="thirdTest" classname="com.qa.DemoTest" time="0">
    <system-out><![CDATA[from third test
]]></system-out>
  </testcase>
  <testcase name="eigthTest" classname="com.qa.DemoTest2" time="0.001">
    <system-out><![CDATA[from eight test from demotest3
]]></system-out>
  </testcase>
  <testcase name="fifthTest" classname="com.qa.DemoTest2" time="0.001">
    <system-out><![CDATA[from fifthTest from demotest3
]]></system-out>
  </testcase>
  <testcase name="seventhTest" classname="com.qa.DemoTest2" time="0.001">
    <system-out><![CDATA[from seventh test from demotest3
]]></system-out>
  </testcase>
  <testcase name="sixthTest" classname="com.qa.DemoTest2" time="0.001">
    <system-out><![CDATA[from sixth test from demotest3
]]></system-out>
  </testcase>
  <testcase name="eigthTest" classname="com.qa.DemoTest3" time="0.001">
    <system-out><![CDATA[from eight test
]]></system-out>
  </testcase>
  <testcase name="fifthTest" classname="com.qa.DemoTest3" time="0.001">
    <system-out><![CDATA[from fifthTest
]]></system-out>
  </testcase>
  <testcase name="seventhTest" classname="com.qa.DemoTest3" time="0.001">
    <system-out><![CDATA[from seventh test
]]></system-out>
  </testcase>
  <testcase name="sixthTest" classname="com.qa.DemoTest3" time="0.001">
    <system-out><![CDATA[from sixth test
]]></system-out>
  </testcase>
</testsuite>