<?xml version="1.0" encoding="UTF-8"?>
<testng-results ignored="0" total="4" passed="4" failed="0" skipped="0">
  <reporter-output>
  </reporter-output>
  <suite started-at="2020-08-27T21:43:40 IST" name="Default suite" finished-at="2020-08-27T21:43:40 IST" duration-ms="104">
    <groups>
    </groups>
    <test started-at="2020-08-27T21:43:40 IST" name="Default test" finished-at="2020-08-27T21:43:40 IST" duration-ms="104">
      <class name="com.qa.DemoTest">
        <test-method signature="firstTest()[pri:0, instance:com.qa.DemoTest@7f1302d6]" started-at="2020-08-27T21:43:40 IST" name="firstTest" finished-at="2020-08-27T21:43:40 IST" duration-ms="21" status="PASS">
          <reporter-output>
          </reporter-output>
        </test-method> <!-- firstTest -->
        <test-method signature="fourthTest()[pri:0, instance:com.qa.DemoTest@7f1302d6]" started-at="2020-08-27T21:43:40 IST" name="fourthTest" finished-at="2020-08-27T21:43:40 IST" duration-ms="2" status="PASS">
          <reporter-output>
          </reporter-output>
        </test-method> <!-- fourthTest -->
        <test-method signature="secondTest()[pri:0, instance:com.qa.DemoTest@7f1302d6]" started-at="2020-08-27T21:43:40 IST" name="secondTest" finished-at="2020-08-27T21:43:40 IST" duration-ms="2" status="PASS">
          <reporter-output>
          </reporter-output>
        </test-method> <!-- secondTest -->
        <test-method signature="thirdTest()[pri:0, instance:com.qa.DemoTest@7f1302d6]" started-at="2020-08-27T21:43:40 IST" name="thirdTest" finished-at="2020-08-27T21:43:40 IST" duration-ms="2" status="PASS">
          <reporter-output>
          </reporter-output>
        </test-method> <!-- thirdTest -->
      </class> <!-- com.qa.DemoTest -->
    </test> <!-- Default test -->
  </suite> <!-- Default suite -->
</testng-results>
