<?xml version="1.0" encoding="UTF-8"?>
<!-- Generated by org.testng.reporters.JUnitXMLReporter -->
<testsuite ignored="0" hostname="LIN65001029" failures="0" tests="12" name="Automation Test" time="0.071" errors="0" timestamp="2020-09-30T11:29:19 IST">
  <testcase classname="com.qa.DemoTest" name="firstTest" time="0.009"/>
  <testcase classname="com.qa.DemoTest" name="fourthTest" time="0.0"/>
  <testcase classname="com.qa.DemoTest" name="secondTest" time="0.0"/>
  <testcase classname="com.qa.DemoTest" name="thirdTest" time="0.0"/>
  <testcase classname="com.qa.DemoTest2" name="eigthTest" time="0.0"/>
  <testcase classname="com.qa.DemoTest2" name="fifthTest" time="0.0"/>
  <testcase classname="com.qa.DemoTest2" name="seventhTest" time="0.0"/>
  <testcase classname="com.qa.DemoTest2" name="sixthTest" time="0.0"/>
  <testcase classname="com.qa.DemoTest3" name="eigthTest" time="0.001"/>
  <testcase classname="com.qa.DemoTest3" name="fifthTest" time="0.0"/>
  <testcase classname="com.qa.DemoTest3" name="seventhTest" time="0.0"/>
  <testcase classname="com.qa.DemoTest3" name="sixthTest" time="0.0"/>
</testsuite> <!-- Automation Test -->
